#
# There is insufficient memory for the Java Runtime Environment to continue.
# Native memory allocation (mmap) failed to map 132120576 bytes. Error detail: G1 virtual space
# Possible reasons:
#   The system is out of physical RAM or swap space
#   This process is running with CompressedOops enabled, and the Java Heap may be blocking the growth of the native heap
# Possible solutions:
#   Reduce memory load on the system
#   Increase physical memory or swap space
#   Check if swap backing store is full
#   Decrease Java heap size (-Xmx/-Xms)
#   Decrease number of Java threads
#   Decrease Java thread stack sizes (-Xss)
#   Set larger code cache with -XX:ReservedCodeCacheSize=
#   JVM is running with Unscaled Compressed Oops mode in which the Java heap is
#     placed in the first 4GB address space. The Java Heap base address is the
#     maximum limit for the native heap growth. Please use -XX:HeapBaseMinAddress
#     to set the Java Heap base and to place the Java Heap above 4GB virtual address.
# This output file may be truncated or incomplete.
#
#  Out of Memory Error (os_windows.cpp:3710), pid=8912, tid=6584
#
# JRE version:  (17.0.14+7) (build )
# Java VM: OpenJDK 64-Bit Server VM (17.0.14+7-LTS, mixed mode, sharing, tiered, compressed oops, compressed class ptrs, g1 gc, windows-amd64)
# No core dump will be written. Minidumps are not enabled by default on client versions of Windows
#

---------------  S U M M A R Y ------------

Command Line: org.jetbrains.kotlin.cli.jvm.K2JVMCompiler @C:\CR\ss\android\app\build\20250222_3821643784745977156.compiler.options

Host: 11th Gen Intel(R) Core(TM) i5-1135G7 @ 2.40GHz, 8 cores, 7G,  Windows 11 , 64 bit Build 22621 (10.0.22621.4830)
Time: Sat Feb 22 13:59:17 2025 India Standard Time elapsed time: 0.016544 seconds (0d 0h 0m 0s)

---------------  T H R E A D  ---------------

Current thread (0x000001feb9d57af0):  JavaThread "Unknown thread" [_thread_in_vm, id=6584, stack(0x000000a3adb00000,0x000000a3adc00000)]

Stack: [0x000000a3adb00000,0x000000a3adc00000]
Native frames: (J=compiled Java code, j=interpreted, Vv=VM code, C=native code)
V  [jvm.dll+0x6886b9]
V  [jvm.dll+0x83f6f8]
V  [jvm.dll+0x8411a3]
V  [jvm.dll+0x841813]
V  [jvm.dll+0x2495cf]
V  [jvm.dll+0x6855f9]
V  [jvm.dll+0x679a8a]
V  [jvm.dll+0x30afc7]
V  [jvm.dll+0x312536]
V  [jvm.dll+0x362eee]
V  [jvm.dll+0x36312d]
V  [jvm.dll+0x2e225c]
V  [jvm.dll+0x2e3174]
V  [jvm.dll+0x8115fb]
V  [jvm.dll+0x370c01]
V  [jvm.dll+0x7f00ef]
V  [jvm.dll+0x3f76ff]
V  [jvm.dll+0x3f9231]
C  [jli.dll+0x52a0]
C  [ucrtbase.dll+0x29333]
C  [KERNEL32.DLL+0x1259d]
C  [ntdll.dll+0x5af38]


---------------  P R O C E S S  ---------------

Threads class SMR info:
_java_thread_list=0x00007ffd6fe7efd8, length=0, elements={
}

Java Threads: ( => current thread )

Other Threads:
  0x000001feb9daeea0 GCTaskThread "GC Thread#0" [stack: 0x000000a3adc00000,0x000000a3add00000] [id=6508]
  0x000001feb9dbf730 ConcurrentGCThread "G1 Main Marker" [stack: 0x000000a3add00000,0x000000a3ade00000] [id=15396]
  0x000001feb9dc0150 ConcurrentGCThread "G1 Conc#0" [stack: 0x000000a3ade00000,0x000000a3adf00000] [id=16156]

[error occurred during error reporting (printing all threads), id 0xc0000005, EXCEPTION_ACCESS_VIOLATION (0xc0000005) at pc=0x00007ffd6f632db7]

VM state: not at safepoint (not fully initialized)

VM Mutex/Monitor currently owned by a thread:  ([mutex/lock_event])
[0x000001feb9d54210] Heap_lock - owner thread: 0x000001feb9d57af0

Heap address: 0x0000000083600000, size: 1994 MB, Compressed Oops mode: 32-bit

CDS archive(s) mapped at: [0x0000000000000000-0x0000000000000000-0x0000000000000000), size 0, SharedBaseAddress: 0x0000000800000000, ArchiveRelocationMode: 1.
Narrow klass base: 0x0000000000000000, Narrow klass shift: 0, Narrow klass range: 0x0

GC Precious Log:
<Empty>

Heap:
 garbage-first heap   total 0K, used 0K [0x0000000083600000, 0x0000000100000000)
  region size 1024K, 0 young (0K), 0 survivors (0K)

[error occurred during error reporting (printing heap information), id 0xc0000005, EXCEPTION_ACCESS_VIOLATION (0xc0000005) at pc=0x00007ffd6fa222e9]

GC Heap History (0 events):
No events

Dll operation events (1 events):
Event: 0.012 Loaded shared library C:\Program Files\Microsoft\jdk-17.0.14.7-hotspot\bin\java.dll

Deoptimization events (0 events):
No events

Classes loaded (0 events):
No events

Classes unloaded (0 events):
No events

Classes redefined (0 events):
No events

Internal exceptions (0 events):
No events

VM Operations (0 events):
No events

Memory protections (0 events):
No events

Nmethod flushes (0 events):
No events

Events (0 events):
No events


Dynamic libraries:
0x00007ff633800000 - 0x00007ff63380e000 	C:\Program Files\Microsoft\jdk-17.0.14.7-hotspot\bin\java.exe
0x00007ffe18ab0000 - 0x00007ffe18cc7000 	C:\WINDOWS\SYSTEM32\ntdll.dll
0x00007ffe175a0000 - 0x00007ffe17664000 	C:\WINDOWS\System32\KERNEL32.DLL
0x00007ffe15f00000 - 0x00007ffe162d0000 	C:\WINDOWS\System32\KERNELBASE.dll
0x000000005a3d0000 - 0x000000005a6fe000 	C:\Program Files\Norton Security\NortonData\22.20.5.40\Definitions\IPSDefs\20250210.064\IPSEng64.dll
0x00007ffe17aa0000 - 0x00007ffe17b51000 	C:\WINDOWS\System32\ADVAPI32.dll
0x00007ffe16930000 - 0x00007ffe169d7000 	C:\WINDOWS\System32\msvcrt.dll
0x00007ffe179f0000 - 0x00007ffe17a97000 	C:\WINDOWS\System32\sechost.dll
0x00007ffe16650000 - 0x00007ffe16678000 	C:\WINDOWS\System32\bcrypt.dll
0x00007ffe178d0000 - 0x00007ffe179e4000 	C:\WINDOWS\System32\RPCRT4.dll
0x00007ffe18200000 - 0x00007ffe18208000 	C:\WINDOWS\System32\PSAPI.DLL
0x00007ffe16390000 - 0x00007ffe164a1000 	C:\WINDOWS\System32\ucrtbase.dll
0x00007ffe01170000 - 0x00007ffe01187000 	C:\Program Files\Microsoft\jdk-17.0.14.7-hotspot\bin\jli.dll
0x00007ffe00db0000 - 0x00007ffe00dcd000 	C:\Program Files\Microsoft\jdk-17.0.14.7-hotspot\bin\VCRUNTIME140.dll
0x00007ffe17720000 - 0x00007ffe178ce000 	C:\WINDOWS\System32\USER32.dll
0x00007ffe15ed0000 - 0x00007ffe15ef6000 	C:\WINDOWS\System32\win32u.dll
0x00007ffe176f0000 - 0x00007ffe17719000 	C:\WINDOWS\System32\GDI32.dll
0x00007ffe16680000 - 0x00007ffe1679b000 	C:\WINDOWS\System32\gdi32full.dll
0x00007ffe164b0000 - 0x00007ffe1654a000 	C:\WINDOWS\System32\msvcp_win.dll
0x00007ffdff7c0000 - 0x00007ffdffa52000 	C:\WINDOWS\WinSxS\amd64_microsoft.windows.common-controls_6595b64144ccf1df_6.0.22621.4830_none_270fe7d773858e80\COMCTL32.dll
0x00007ffe17b60000 - 0x00007ffe17b91000 	C:\WINDOWS\System32\IMM32.DLL
0x00007ffe07c80000 - 0x00007ffe07c8c000 	C:\Program Files\Microsoft\jdk-17.0.14.7-hotspot\bin\vcruntime140_1.dll
0x00007ffdf0550000 - 0x00007ffdf05dd000 	C:\Program Files\Microsoft\jdk-17.0.14.7-hotspot\bin\msvcp140.dll
0x00007ffd6f340000 - 0x00007ffd6ffb2000 	C:\Program Files\Microsoft\jdk-17.0.14.7-hotspot\bin\server\jvm.dll
0x00007ffe17670000 - 0x00007ffe176e1000 	C:\WINDOWS\System32\WS2_32.dll
0x00007ffe14f50000 - 0x00007ffe14f9d000 	C:\WINDOWS\SYSTEM32\POWRPROF.dll
0x00007ffe0a750000 - 0x00007ffe0a75a000 	C:\WINDOWS\SYSTEM32\VERSION.dll
0x00007ffe0d860000 - 0x00007ffe0d894000 	C:\WINDOWS\SYSTEM32\WINMM.dll
0x00007ffe14f30000 - 0x00007ffe14f43000 	C:\WINDOWS\SYSTEM32\UMPDC.dll
0x00007ffe14e10000 - 0x00007ffe14e28000 	C:\WINDOWS\SYSTEM32\kernel.appcore.dll
0x00007ffe07370000 - 0x00007ffe0737a000 	C:\Program Files\Microsoft\jdk-17.0.14.7-hotspot\bin\jimage.dll
0x00007ffe136c0000 - 0x00007ffe138f2000 	C:\WINDOWS\SYSTEM32\DBGHELP.DLL
0x00007ffe18540000 - 0x00007ffe188d0000 	C:\WINDOWS\System32\combase.dll
0x00007ffe183e0000 - 0x00007ffe184b7000 	C:\WINDOWS\System32\OLEAUT32.dll
0x00007ffdfa4d0000 - 0x00007ffdfa502000 	C:\WINDOWS\SYSTEM32\dbgcore.DLL
0x00007ffe16550000 - 0x00007ffe165cb000 	C:\WINDOWS\System32\bcryptPrimitives.dll
0x00007ffdfe110000 - 0x00007ffdfe135000 	C:\Program Files\Microsoft\jdk-17.0.14.7-hotspot\bin\java.dll

dbghelp: loaded successfully - version: 4.0.5 - missing functions: none
symbol engine: initialized successfully - sym options: 0x614 - pdb path: .;C:\Program Files\Microsoft\jdk-17.0.14.7-hotspot\bin;C:\WINDOWS\SYSTEM32;C:\Program Files\Norton Security\NortonData\22.20.5.40\Definitions\IPSDefs\20250210.064;C:\WINDOWS\WinSxS\amd64_microsoft.windows.common-controls_6595b64144ccf1df_6.0.22621.4830_none_270fe7d773858e80;C:\Program Files\Microsoft\jdk-17.0.14.7-hotspot\bin\server

VM Arguments:
java_command: org.jetbrains.kotlin.cli.jvm.K2JVMCompiler @C:\CR\ss\android\app\build\20250222_3821643784745977156.compiler.options
java_class_path (initial): C:\Users\mrcha\.gradle\caches\modules-2\files-2.1\org.jetbrains.kotlin\kotlin-compiler-embeddable\2.0.21\79346ed53db48b18312a472602eb5c057070c54d\kotlin-compiler-embeddable-2.0.21.jar;C:\Users\mrcha\.gradle\caches\modules-2\files-2.1\org.jetbrains.kotlin\kotlin-stdlib\2.0.21\618b539767b4899b4660a83006e052b63f1db551\kotlin-stdlib-2.0.21.jar;C:\Users\mrcha\.gradle\caches\modules-2\files-2.1\org.jetbrains.kotlin\kotlin-script-runtime\2.0.21\c9b044380ad41f89aa89aa896c2d32a8c0b2129d\kotlin-script-runtime-2.0.21.jar;C:\Users\mrcha\.gradle\caches\modules-2\files-2.1\org.jetbrains.kotlin\kotlin-reflect\1.6.10\1cbe9c92c12a94eea200d23c2bbaedaf3daf5132\kotlin-reflect-1.6.10.jar;C:\Users\mrcha\.gradle\caches\modules-2\files-2.1\org.jetbrains.kotlin\kotlin-daemon-embeddable\2.0.21\c9e933b23287de9b5a17e2116b4657bb91aea72c\kotlin-daemon-embeddable-2.0.21.jar;C:\Users\mrcha\.gradle\caches\modules-2\files-2.1\org.jetbrains.intellij.deps\trove4j\1.0.20200330\3afb14d5f9ceb459d724e907a21145e8ff394f02\trove4j-1.0.20200330.jar;C:\Users\mrcha\.gradle\caches\modules-2\files-2.1\org.jetbrains.kotlinx\kotlinx-coroutines-core-jvm\1.6.4\2c997cd1c0ef33f3e751d3831929aeff1390cb30\kotlinx-coroutines-core-jvm-1.6.4.jar;C:\Users\mrcha\.gradle\caches\modules-2\files-2.1\org.jetbrains\annotations\13.0\919f0dfe192fb4e063e7dacadee7f8bb9a2672a9\annotations-13.0.jar
Launcher Type: SUN_STANDARD

[Global flags]
     intx CICompilerCount                          = 4                                         {product} {ergonomic}
     uint ConcGCThreads                            = 2                                         {product} {ergonomic}
     uint G1ConcRefinementThreads                  = 8                                         {product} {ergonomic}
   size_t G1HeapRegionSize                         = 1048576                                   {product} {ergonomic}
    uintx GCDrainStackTargetSize                   = 64                                        {product} {ergonomic}
   size_t InitialHeapSize                          = 132120576                                 {product} {ergonomic}
   size_t MarkStackSize                            = 4194304                                   {product} {ergonomic}
   size_t MaxHeapSize                              = 2090860544                                {product} {ergonomic}
   size_t MinHeapDeltaBytes                        = 1048576                                   {product} {ergonomic}
   size_t MinHeapSize                              = 8388608                                   {product} {ergonomic}
    uintx NonNMethodCodeHeapSize                   = 5839372                                {pd product} {ergonomic}
    uintx NonProfiledCodeHeapSize                  = 122909434                              {pd product} {ergonomic}
    uintx ProfiledCodeHeapSize                     = 122909434                              {pd product} {ergonomic}
    uintx ReservedCodeCacheSize                    = 251658240                              {pd product} {ergonomic}
     bool SegmentedCodeCache                       = true                                      {product} {ergonomic}
   size_t SoftMaxHeapSize                          = 2090860544                             {manageable} {ergonomic}
     bool UseCompressedClassPointers               = true                           {product lp64_product} {ergonomic}
     bool UseCompressedOops                        = true                           {product lp64_product} {ergonomic}
     bool UseG1GC                                  = true                                      {product} {ergonomic}
     bool UseLargePagesIndividualAllocation        = false                                  {pd product} {ergonomic}

Logging:
Log output configuration:
 #0: stdout all=warning uptime,level,tags
 #1: stderr all=off uptime,level,tags

Environment Variables:
JAVA_HOME=C:\Program Files\Microsoft\jdk-17.0.14.7-hotspot\
CLASSPATH=C:\CR\ss\android\\gradle\wrapper\gradle-wrapper.jar
PATH=C:\CR\ss\node_modules\.bin;C:\CR\node_modules\.bin;C:\node_modules\.bin;C:\Users\mrcha\AppData\Roaming\npm\node_modules\npm\node_modules\@npmcli\run-script\lib\node-gyp-bin;C:\Program Files\Microsoft\jdk-17.0.14.7-hotspot\bin;C:\WINDOWS\system32;C:\WINDOWS;C:\WINDOWS\System32\Wbem;C:\WINDOWS\System32\WindowsPowerShell\v1.0\;C:\WINDOWS\System32\OpenSSH\;C:\ProgramData\chocolatey\bin;C:\Program Files\nodejs\;C:\Users\mrcha\AppData\Local\Microsoft\WindowsApps;C:\Users\mrcha\AppData\Roaming\npm;C:\Users\mrcha\AppData\Local\Android\Sdk\platform-tools;C:\Users\mrcha\AppData\Local\Programs\Microsoft VS Code\bin
USERNAME=mrcha
LANG=en_US.UTF-8
OS=Windows_NT
PROCESSOR_IDENTIFIER=Intel64 Family 6 Model 140 Stepping 1, GenuineIntel
TMP=C:\Users\mrcha\AppData\Local\Temp
TEMP=C:\Users\mrcha\AppData\Local\Temp



Periodic native trim disabled


---------------  S Y S T E M  ---------------

OS:
 Windows 11 , 64 bit Build 22621 (10.0.22621.4830)
OS uptime: 1 days 4:13 hours

CPU: total 8 (initial active 8) (4 cores per cpu, 2 threads per core) family 6 model 140 stepping 1 microcode 0x8a, cx8, cmov, fxsr, ht, mmx, 3dnowpref, sse, sse2, sse3, ssse3, sse4.1, sse4.2, popcnt, lzcnt, tsc, tscinvbit, avx, avx2, aes, erms, clmul, bmi1, bmi2, adx, avx512f, avx512dq, avx512cd, avx512bw, avx512vl, sha, fma, vzeroupper, avx512_vpopcntdq, avx512_vpclmulqdq, avx512_vaes, avx512_vnni, clflush, clflushopt, clwb, avx512_vbmi2, avx512_vbmi
Processor Information for the first 8 processors :
  Max Mhz: 2419, Current Mhz: 2419, Mhz Limit: 2419

Memory: 4k page, system-wide physical 7971M (657M free)
TotalPageFile size 32547M (AvailPageFile size 50M)
current process WorkingSet (physical memory assigned to process): 12M, peak: 12M
current process commit charge ("private bytes"): 61M, peak: 187M

vm_info: OpenJDK 64-Bit Server VM (17.0.14+7-LTS) for windows-amd64 JRE (17.0.14+7-LTS), built on Jan  8 2025 23:39:28 by "MicrosoftCorporation" with unknown MS VC++:1939

END.
